Started POST "/emails/send_email" for ::1 at 2024-07-17 22:06:52 -0300
  [1m[35m (1.7ms)[0m  [1m[34mSELECT sqlite_version(*)[0m
  
ActionController::RoutingError (No route matches [POST] "/emails/send_email"):
  
Started POST "/emails/send_email" for ::1 at 2024-07-17 22:07:19 -0300
  [1m[35m (0.9ms)[0m  [1m[34mSELECT sqlite_version(*)[0m
  
ActionController::RoutingError (No route matches [POST] "/emails/send_email"):
  
Started POST "/send_email" for ::1 at 2024-07-17 22:08:36 -0300
Processing by EmailsController#send_email as */*
  Parameters: {"nome"=>"diego", "email"=>"diegoh@gmail.com", "telefone"=>"21999999999", "mensagem"=>"teste msg"}
ContactMailer#contact_email: processed outbound mail in 17.4ms
Delivered mail 66986b1456e1d_525132af8ba43068862592@diego-X510URR.mail (35.5ms)
Date: Wed, 17 Jul 2024 22:08:36 -0300
From: diego@dhaconsultoria.com.br
Reply-To: diegoh@gmail.com
To: diego@dhaconsultoria.com.br
Message-ID: <66986b1456e1d_525132af8ba43068862592@diego-X510URR.mail>
Subject: Mensagem de contato do site
Mime-Version: 1.0
Content-Type: text/plain;
 charset=UTF-8
Content-Transfer-Encoding: 7bit

Nome: diego
Email: diegoh@gmail.com
Telefone: 21999999999
Mensagem: teste msg
Completed 200 OK in 89ms (Views: 0.2ms | ActiveRecord: 0.0ms | Allocations: 29964)


Started POST "/send_email" for ::1 at 2024-07-17 22:12:06 -0300
  [1m[35m (0.3ms)[0m  [1m[34mSELECT sqlite_version(*)[0m
Processing by EmailsController#send_email as */*
  Parameters: {"nome"=>"diego", "email"=>"diegoh@gmail.com", "telefone"=>"21999999999", "mensagem"=>"teste msg"}
ContactMailer#contact_email: processed outbound mail in 8.4ms
Delivered mail 66986be661fbf_5269f2abfb237c8f440730@diego-X510URR.mail (3721.6ms)
Date: Wed, 17 Jul 2024 22:12:06 -0300
From: diego@dhaconsultoria.com.br
Reply-To: diegoh@gmail.com
To: diego@dhaconsultoria.com.br
Message-ID: <66986be661fbf_5269f2abfb237c8f440730@diego-X510URR.mail>
Subject: Mensagem de contato do site
Mime-Version: 1.0
Content-Type: text/plain;
 charset=UTF-8
Content-Transfer-Encoding: 7bit

Nome: diego
Email: diegoh@gmail.com
Telefone: 21999999999
Mensagem: teste msg
Completed 200 OK in 3753ms (Views: 0.2ms | ActiveRecord: 0.0ms | Allocations: 15391)


